<?xml version="1.0" encoding="UTF-8" ?>
<testsuites disabled="0" errors="0" failures="2" tests="39" time="2799817">
 <testsuite name="Page load" timestamp="2018-08-16T16:10:18" hostname="localhost" time="0" errors="0" tests="0" skipped="0" disabled="0" failures="0">
 </testsuite>
 <testsuite name="Login Page" timestamp="2018-08-16T16:10:18" hostname="localhost" time="55.396" errors="0" tests="5" skipped="0" disabled="0" failures="1">
  <testcase classname="Login Page" name="should display incorrect userid error message when entering incorrect userid" time="9.809" />
  <testcase classname="Login Page" name="should display required field error message and not go to main menu when password entering as blank" time="9.584" />
  <testcase classname="Login Page" name="should display required field error message and not go to main menu when username entering as blank" time="9.63" />
  <testcase classname="Login Page" name="should display incorrect password error message when entering incorrect password" time="9.644">
   <failure type="toBe" message="Error message is not displayed for incorrect password"><![CDATA[Error: Failed expectation
    at UserContext.<anonymous> (D:\PharmAcuity_AutomationTesting\pharmacuity-ui-automation\Login\LoginPage.spec.js:46:39)
    at C:\Users\DibaS\AppData\Roaming\npm\node_modules\protractor\node_modules\jasminewd2\index.js:112:25
    at new ManagedPromise (C:\Users\DibaS\AppData\Roaming\npm\node_modules\protractor\node_modules\selenium-webdriver\lib\promise.js:1077:7)
    at ControlFlow.promise (C:\Users\DibaS\AppData\Roaming\npm\node_modules\protractor\node_modules\selenium-webdriver\lib\promise.js:2505:12)
    at schedulerExecute (C:\Users\DibaS\AppData\Roaming\npm\node_modules\protractor\node_modules\jasminewd2\index.js:95:18)
    at TaskQueue.execute_ (C:\Users\DibaS\AppData\Roaming\npm\node_modules\protractor\node_modules\selenium-webdriver\lib\promise.js:3084:14)
    at TaskQueue.executeNext_ (C:\Users\DibaS\AppData\Roaming\npm\node_modules\protractor\node_modules\selenium-webdriver\lib\promise.js:3067:27)
    at asyncRun (C:\Users\DibaS\AppData\Roaming\npm\node_modules\protractor\node_modules\selenium-webdriver\lib\promise.js:2974:25)
    at C:\Users\DibaS\AppData\Roaming\npm\node_modules\protractor\node_modules\selenium-webdriver\lib\promise.js:668:7]]>
   </failure>
  </testcase>
  <testcase classname="Login Page" name="should go to main menu when entering correct password" time="16.729" />
 </testsuite>
 <testsuite name="Landing Page" timestamp="2018-08-16T16:11:13" hostname="localhost" time="139.08" errors="0" tests="7" skipped="0" disabled="0" failures="0">
  <testcase classname="Landing Page" name="should have Option “About Pharmacuity” when login with any valid user" time="20.682" />
  <testcase classname="Landing Page" name="should have Option “Metrics and Benchmarking” when login with any valid user" time="19.383" />
  <testcase classname="Landing Page" name="should have Option “Site,PI &amp; Recuitment Optimization” when login with any valid user" time="19.214" />
  <testcase classname="Landing Page" name="should have Option “Inovvative Protocol Design” when login with any valid user" time="18.976" />
  <testcase classname="Landing Page" name="should have Option “Trial Forcasting” when login with any valid user" time="19.08" />
  <testcase classname="Landing Page" name="the user should be able to logout and not able to access menu untill login again" time="21.919" />
  <testcase classname="Landing Page" name="should display only 2 options “About Pharmacuity” and “Metrics and Benchmarking” when login with the Roche user" time="19.826" />
 </testsuite>
 <testsuite name="Metrics And Benchmarking Page" timestamp="2018-08-16T16:13:32" hostname="localhost" time="443.465" errors="0" tests="15" skipped="0" disabled="0" failures="0">
  <testcase classname="Metrics And Benchmarking Page" name="should not display filter option" time="26.355" />
  <testcase classname="Metrics And Benchmarking Page" name="should display Dashboard option" time="28.179" />
  <testcase classname="Metrics And Benchmarking Page" name="should display PF-SA option" time="28.609" />
  <testcase classname="Metrics And Benchmarking Page" name="should display SA-FPI option" time="28.664" />
  <testcase classname="Metrics And Benchmarking Page" name="should display FPI-LPI option" time="29.117" />
  <testcase classname="Metrics And Benchmarking Page" name="should display PF-10THPI option" time="29.114" />
  <testcase classname="Metrics And Benchmarking Page" name="should display ERATE option" time="28.473" />
  <testcase classname="Metrics And Benchmarking Page" name="should display E BINS option" time="28.768" />
  <testcase classname="Metrics And Benchmarking Page" name="should display QUADA option" time="28.384" />
  <testcase classname="Metrics And Benchmarking Page" name="should display #S-100P option" time="35.015" />
  <testcase classname="Metrics And Benchmarking Page" name="should display P(P) option" time="36.539" />
  <testcase classname="Metrics And Benchmarking Page" name="should display P(C) option" time="29.164" />
  <testcase classname="Metrics And Benchmarking Page" name="should display P/SITE option" time="29.223" />
  <testcase classname="Metrics And Benchmarking Page" name="should display Export to excel option" time="29.023" />
  <testcase classname="Metrics And Benchmarking Page" name="should display Help option" time="28.837" />
 </testsuite>
 <testsuite name="M&amp;B PF-SA Page" timestamp="2018-08-16T16:20:56" hostname="localhost" time="1038.226" errors="0" tests="6" skipped="0" disabled="0" failures="0">
  <testcase classname="M&amp;B PF-SA Page" name="should be matched Studies Box Plots value of Sponsor with the database value for the given filter options" time="182.798" />
  <testcase classname="M&amp;B PF-SA Page" name="should be matched Average Box Plots value of Sponsor with the database value for the given filter options" time="169.784" />
  <testcase classname="M&amp;B PF-SA Page" name="should be matched Median Box Plots value of Sponsor with the database value for the given filter options" time="172.111" />
  <testcase classname="M&amp;B PF-SA Page" name="should be matched Studies Box Plots value of Competition with the database value for the given filter options" time="177.367" />
  <testcase classname="M&amp;B PF-SA Page" name="should be matched Average Box Plots value of Competition with the database value for the given filter options" time="167.311" />
  <testcase classname="M&amp;B PF-SA Page" name="should be matched Median Box Plots value of Competition with the database value for the given filter options" time="168.854" />
 </testsuite>
 <testsuite name="M&amp;B FPI-LPI Page" timestamp="2018-08-16T16:38:14" hostname="localhost" time="1123.65" errors="0" tests="6" skipped="0" disabled="0" failures="1">
  <testcase classname="M&amp;B FPI-LPI Page" name="should be matched Studies Box Plots value of Sponsor with the database value for the given filter options" time="424.493" />
  <testcase classname="M&amp;B FPI-LPI Page" name="should be matched Average Box Plots value of Sponsor with the database value for the given filter options" time="328.685" />
  <testcase classname="M&amp;B FPI-LPI Page" name="should be matched Median Box Plots value of Sponsor with the database value for the given filter options" time="327.201" />
  <testcase classname="M&amp;B FPI-LPI Page" name="should be matched Studies Box Plots value of Competition with the database value for the given filter options" time="42.324">
   <failure type="exception" message="Failed: unknown error: Element &lt;md-menu-item ng-repeat=&quot;phx in ctrl.phxModules&quot; ng-click=&quot;ctrl.changeSelectedApp($index)&quot; ng-show=&quot;!ctrl._isDisabled(&apos;PharmAcuity&apos;)&quot; class=&quot;ng-scope&quot; role=&quot;button&quot; tabindex=&quot;0&quot; aria-hidden=&quot;false&quot; style=&quot;color: Red; border: 2px solid red;&quot;&gt;...&lt;/md-menu-item&gt; is not clickable at point (423, 57). Other element would receive the click: &lt;md-backdrop class=&quot;md-menu-backdrop md-click-catcher ng-scope&quot;&gt;&lt;/md-backdrop&gt;
  (Session info: chrome=68.0.3440.106)
  (Driver info: chromedriver=2.41.578737 (49da6702b16031c40d63e5618de03a32ff6c197e),platform=Windows NT 10.0.16299 x86_64)"><![CDATA[WebDriverError: unknown error: Element <md-menu-item ng-repeat="phx in ctrl.phxModules" ng-click="ctrl.changeSelectedApp($index)" ng-show="!ctrl._isDisabled('PharmAcuity')" class="ng-scope" role="button" tabindex="0" aria-hidden="false" style="color: Red; border: 2px solid red;">...</md-menu-item> is not clickable at point (423, 57). Other element would receive the click: <md-backdrop class="md-menu-backdrop md-click-catcher ng-scope"></md-backdrop>
  (Session info: chrome=68.0.3440.106)
  (Driver info: chromedriver=2.41.578737 (49da6702b16031c40d63e5618de03a32ff6c197e),platform=Windows NT 10.0.16299 x86_64)
    at Object.checkLegacyResponse (C:\Users\DibaS\AppData\Roaming\npm\node_modules\protractor\node_modules\selenium-webdriver\lib\error.js:546:15)
    at parseHttpResponse (C:\Users\DibaS\AppData\Roaming\npm\node_modules\protractor\node_modules\selenium-webdriver\lib\http.js:509:13)
    at doSend.then.response (C:\Users\DibaS\AppData\Roaming\npm\node_modules\protractor\node_modules\selenium-webdriver\lib\http.js:441:30)
    at <anonymous>
    at process._tickCallback (internal/process/next_tick.js:188:7)
From: Task: WebElement.click()
    at thenableWebDriverProxy.schedule (C:\Users\DibaS\AppData\Roaming\npm\node_modules\protractor\node_modules\selenium-webdriver\lib\webdriver.js:807:17)
    at WebElement.schedule_ (C:\Users\DibaS\AppData\Roaming\npm\node_modules\protractor\node_modules\selenium-webdriver\lib\webdriver.js:2010:25)
    at WebElement.click (C:\Users\DibaS\AppData\Roaming\npm\node_modules\protractor\node_modules\selenium-webdriver\lib\webdriver.js:2092:17)
    at actionFn (C:\Users\DibaS\AppData\Roaming\npm\node_modules\protractor\built\element.js:89:44)
    at Array.map (<anonymous>)
    at actionResults.getWebElements.then (C:\Users\DibaS\AppData\Roaming\npm\node_modules\protractor\built\element.js:461:65)
    at ManagedPromise.invokeCallback_ (C:\Users\DibaS\AppData\Roaming\npm\node_modules\protractor\node_modules\selenium-webdriver\lib\promise.js:1376:14)
    at TaskQueue.execute_ (C:\Users\DibaS\AppData\Roaming\npm\node_modules\protractor\node_modules\selenium-webdriver\lib\promise.js:3084:14)
    at TaskQueue.executeNext_ (C:\Users\DibaS\AppData\Roaming\npm\node_modules\protractor\node_modules\selenium-webdriver\lib\promise.js:3067:27)
    at asyncRun (C:\Users\DibaS\AppData\Roaming\npm\node_modules\protractor\node_modules\selenium-webdriver\lib\promise.js:2927:27)Error
    at ElementArrayFinder.applyAction_ (C:\Users\DibaS\AppData\Roaming\npm\node_modules\protractor\built\element.js:459:27)
    at ElementArrayFinder.(anonymous function).args [as click] (C:\Users\DibaS\AppData\Roaming\npm\node_modules\protractor\built\element.js:91:29)
    at ElementFinder.(anonymous function).args [as click] (C:\Users\DibaS\AppData\Roaming\npm\node_modules\protractor\built\element.js:831:22)
    at D:\PharmAcuity_AutomationTesting\pharmacuity-ui-automation\MetricsAndBenchmarking\MetricsAndBenchmarking.po.js:12:24
    at ManagedPromise.invokeCallback_ (C:\Users\DibaS\AppData\Roaming\npm\node_modules\protractor\node_modules\selenium-webdriver\lib\promise.js:1376:14)
    at TaskQueue.execute_ (C:\Users\DibaS\AppData\Roaming\npm\node_modules\protractor\node_modules\selenium-webdriver\lib\promise.js:3084:14)
    at TaskQueue.executeNext_ (C:\Users\DibaS\AppData\Roaming\npm\node_modules\protractor\node_modules\selenium-webdriver\lib\promise.js:3067:27)
    at asyncRun (C:\Users\DibaS\AppData\Roaming\npm\node_modules\protractor\node_modules\selenium-webdriver\lib\promise.js:2927:27)
    at C:\Users\DibaS\AppData\Roaming\npm\node_modules\protractor\node_modules\selenium-webdriver\lib\promise.js:668:7
    at <anonymous>
From: Task: Run it("should be matched Studies Box Plots value of Competition with the database value for the given filter options") in control flow
    at UserContext.<anonymous> (C:\Users\DibaS\AppData\Roaming\npm\node_modules\protractor\node_modules\jasminewd2\index.js:94:19)
    at attempt (C:\Users\DibaS\AppData\Roaming\npm\node_modules\protractor\node_modules\jasmine-core\lib\jasmine-core\jasmine.js:4297:26)
    at QueueRunner.run (C:\Users\DibaS\AppData\Roaming\npm\node_modules\protractor\node_modules\jasmine-core\lib\jasmine-core\jasmine.js:4217:20)
    at QueueRunner.execute (C:\Users\DibaS\AppData\Roaming\npm\node_modules\protractor\node_modules\jasmine-core\lib\jasmine-core\jasmine.js:4199:10)
    at Spec.queueRunnerFactory (C:\Users\DibaS\AppData\Roaming\npm\node_modules\protractor\node_modules\jasmine-core\lib\jasmine-core\jasmine.js:909:35)
    at Spec.execute (C:\Users\DibaS\AppData\Roaming\npm\node_modules\protractor\node_modules\jasmine-core\lib\jasmine-core\jasmine.js:526:10)
    at UserContext.fn (C:\Users\DibaS\AppData\Roaming\npm\node_modules\protractor\node_modules\jasmine-core\lib\jasmine-core\jasmine.js:5340:37)
    at attempt (C:\Users\DibaS\AppData\Roaming\npm\node_modules\protractor\node_modules\jasmine-core\lib\jasmine-core\jasmine.js:4297:26)
    at QueueRunner.run (C:\Users\DibaS\AppData\Roaming\npm\node_modules\protractor\node_modules\jasmine-core\lib\jasmine-core\jasmine.js:4217:20)
    at runNext (C:\Users\DibaS\AppData\Roaming\npm\node_modules\protractor\node_modules\jasmine-core\lib\jasmine-core\jasmine.js:4257:20)
From asynchronous test: 
Error
    at Suite.<anonymous> (D:\PharmAcuity_AutomationTesting\pharmacuity-ui-automation\M&B-FPI_To_LPI\FPI_To_LPI.spec.js:446:3)
    at addSpecsToSuite (C:\Users\DibaS\AppData\Roaming\npm\node_modules\protractor\node_modules\jasmine-core\lib\jasmine-core\jasmine.js:1107:25)
    at Env.describe (C:\Users\DibaS\AppData\Roaming\npm\node_modules\protractor\node_modules\jasmine-core\lib\jasmine-core\jasmine.js:1074:7)
    at describe (C:\Users\DibaS\AppData\Roaming\npm\node_modules\protractor\node_modules\jasmine-core\lib\jasmine-core\jasmine.js:4399:18)
    at Object.<anonymous> (D:\PharmAcuity_AutomationTesting\pharmacuity-ui-automation\M&B-FPI_To_LPI\FPI_To_LPI.spec.js:27:1)
    at Module._compile (module.js:652:30)
    at Object.Module._extensions..js (module.js:663:10)
    at Module.load (module.js:565:32)
    at tryModuleLoad (module.js:505:12)]]>
   </failure>
  </testcase>
  <testcase classname="M&amp;B FPI-LPI Page" name="should be matched Average Box Plots value of Competition with the database value for the given filter options" time="0.88" />
  <testcase classname="M&amp;B FPI-LPI Page" name="should be matched Median Box Plots value of Competition with the database value for the given filter options" time="0.066" />
 </testsuite>
</testsuites>